[debug] [2021-06-30T18:22:21.817Z] ----------------------------------------------------------------------
[debug] [2021-06-30T18:22:21.819Z] Command:       C:\Program Files (x86)\nodejs\node.exe C:\Users\tsydy\AppData\Roaming\npm\node_modules\firebase-tools\lib\bin\firebase.js init
[debug] [2021-06-30T18:22:21.819Z] CLI Version:   9.14.0
[debug] [2021-06-30T18:22:21.819Z] Platform:      win32
[debug] [2021-06-30T18:22:21.819Z] Node Version:  v16.3.0
[debug] [2021-06-30T18:22:21.820Z] Time:          Thu Jul 01 2021 02:22:21 GMT+0800 (Иркутск, стандартное время)
[debug] [2021-06-30T18:22:21.821Z] ----------------------------------------------------------------------
[debug] 
[debug] [2021-06-30T18:22:21.828Z] > command requires scopes: ["email","openid","https://www.googleapis.com/auth/cloudplatformprojects.readonly","https://www.googleapis.com/auth/firebase","https://www.googleapis.com/auth/cloud-platform"]
[debug] [2021-06-30T18:22:21.828Z] > authorizing via signed-in user (tsydykhp@gmail.com)
[info] 
     ######## #### ########  ######## ########     ###     ######  ########
     ##        ##  ##     ## ##       ##     ##  ##   ##  ##       ##
     ######    ##  ########  ######   ########  #########  ######  ######
     ##        ##  ##    ##  ##       ##     ## ##     ##       ## ##
     ##       #### ##     ## ######## ########  ##     ##  ######  ########

You're about to initialize a Firebase project in this directory:

  C:\Users\tsydy\Documents\Projects\-- Production\Portfolio\photogallery-react

[info] 
=== Project Setup
[info] 
[info] First, let's associate this project directory with a Firebase project.
[info] You can create multiple project aliases by running firebase use --add, 
[info] but for now we'll just set up a default project.
[info] 
[debug] [2021-06-30T18:24:29.586Z] >>> [apiv2][query] GET https://firebase.googleapis.com/v1beta1/projects pageSize=100
[debug] [2021-06-30T18:24:30.393Z] <<< [apiv2][status] GET https://firebase.googleapis.com/v1beta1/projects 200
[debug] [2021-06-30T18:24:30.393Z] <<< [apiv2][body] GET https://firebase.googleapis.com/v1beta1/projects [omitted]
[info] i  Using project ts---react-photogallery (TS - React Photogallery) 
[info] 
=== Hosting Setup
[info] 
[info] Your public directory is the folder (relative to your project directory) that
[info] will contain Hosting assets to be uploaded with firebase deploy. If you
[info] have a build process for your assets, use your build's output directory.
[info] 
[info] +  Wrote build/404.html 
[debug] [2021-06-30T18:29:06.749Z] >>> [apiv2][query] GET https://www.gstatic.com/firebasejs/releases.json [none]
[debug] [2021-06-30T18:29:10.263Z] <<< [apiv2][status] GET https://www.gstatic.com/firebasejs/releases.json 200
[debug] [2021-06-30T18:29:10.264Z] <<< [apiv2][body] GET https://www.gstatic.com/firebasejs/releases.json {"current":{"version":"8.6.8","browserURL":"https://www.gstatic.com/firebasejs/8.6.8/firebase.js","packageURL":"https://www.gstatic.com/firebasejs/8.6.8/firebase.tgz"},"live":{"version":"8.6","browserURL":"https://www.gstatic.com/firebasejs/live/8.6/firebase.js","packageURL":"https://www.gstatic.com/firebasejs/live/8.6/firebase.tgz"},"components":{"analytics":"https://www.gstatic.com/firebasejs/8.6.8/firebase-analytics.js","app":"https://www.gstatic.com/firebasejs/8.6.8/firebase-app.js","app-check":"https://www.gstatic.com/firebasejs/8.6.8/firebase-app-check.js","auth":"https://www.gstatic.com/firebasejs/8.6.8/firebase-auth.js","database":"https://www.gstatic.com/firebasejs/8.6.8/firebase-database.js","firestore":"https://www.gstatic.com/firebasejs/8.6.8/firebase-firestore.js","functions":"https://www.gstatic.com/firebasejs/8.6.8/firebase-functions.js","installations":"https://www.gstatic.com/firebasejs/8.6.8/firebase-installations.js","messaging":"https://www.gstatic.com/firebasejs/8.6.8/firebase-messaging.js","storage":"https://www.gstatic.com/firebasejs/8.6.8/firebase-storage.js","performance":"https://www.gstatic.com/firebasejs/8.6.8/firebase-performance.js","remote-config":"https://www.gstatic.com/firebasejs/8.6.8/firebase-remote-config.js","firestore.memory":"https://www.gstatic.com/firebasejs/8.6.8/firebase-firestore.memory.js"}}
[info] +  Wrote build/index.html 
[info] 
[info] i  Detected a .git folder at C:\Users\tsydy 
[info] i  Authorizing with GitHub to upload your service account to a GitHub repository's secrets store. 
[info] 
[info] Visit this URL on this device to log in:
[info] https://github.com/login/oauth/authorize?client_id=89cf50f02ac6aaed3484&state=1003904173&redirect_uri=http%3A%2F%2Flocalhost%3A9005&scope=read%3Auser%20repo%20public_repo
[info] 
[info] Waiting for authentication...
[debug] [2021-06-30T18:29:36.831Z] >>> HTTP REQUEST POST https://github.com/login/oauth/access_token  
 {"client_id":"89cf50f02ac6aaed3484","client_secret":"3330d14abc895d9a74d5f17cd7a00711fa2c5bf0","code":"1ecb1931a211a3b3dce3","redirect_uri":"http://localhost:9005","state":"1003904173"}
[debug] [2021-06-30T18:29:37.552Z] <<< HTTP RESPONSE 200 {"server":"GitHub.com","date":"Wed, 30 Jun 2021 18:29:37 GMT","content-type":"application/json; charset=utf-8","transfer-encoding":"chunked","vary":"X-PJAX, Accept-Encoding, Accept, X-Requested-With","permissions-policy":"interest-cohort=()","etag":"W/\"be3abba23fc0375320aec8ed7bf9288e\"","cache-control":"max-age=0, private, must-revalidate","strict-transport-security":"max-age=31536000; includeSubdomains; preload","x-frame-options":"deny","x-content-type-options":"nosniff","x-xss-protection":"0","referrer-policy":"origin-when-cross-origin, strict-origin-when-cross-origin","expect-ct":"max-age=2592000, report-uri=\"https://api.github.com/_private/browser/errors\"","content-security-policy":"default-src 'none'; base-uri 'self'; block-all-mixed-content; connect-src 'self' uploads.github.com www.githubstatus.com collector.githubapp.com api.github.com github-cloud.s3.amazonaws.com github-production-repository-file-5c1aeb.s3.amazonaws.com github-production-upload-manifest-file-7fdce7.s3.amazonaws.com github-production-user-asset-6210df.s3.amazonaws.com cdn.optimizely.com logx.optimizely.com/v1/events translator.github.com wss://alive.github.com; font-src github.githubassets.com; form-action 'self' github.com gist.github.com; frame-ancestors 'none'; frame-src render.githubusercontent.com render-temp.githubusercontent.com viewscreen.githubusercontent.com; img-src 'self' data: github.githubassets.com identicons.github.com collector.githubapp.com github-cloud.s3.amazonaws.com secured-user-images.githubusercontent.com/ *.githubusercontent.com; manifest-src 'self'; media-src 'none'; script-src github.githubassets.com; style-src 'unsafe-inline' github.githubassets.com; worker-src github.com/socket-worker-3f088aa2.js gist.github.com/socket-worker-3f088aa2.js","x-github-request-id":"9631:0B47:1B5D2B2:1C57BC6:60DCB811"}
[debug] [2021-06-30T18:29:37.573Z] >>> [apiv2][query] GET https://api.github.com/user [none]
[debug] [2021-06-30T18:29:38.232Z] <<< [apiv2][status] GET https://api.github.com/user 200
[debug] [2021-06-30T18:29:38.232Z] <<< [apiv2][body] GET https://api.github.com/user {"login":"TsydykhP","id":85099020,"node_id":"MDQ6VXNlcjg1MDk5MDIw","avatar_url":"https://avatars.githubusercontent.com/u/85099020?v=4","gravatar_id":"","url":"https://api.github.com/users/TsydykhP","html_url":"https://github.com/TsydykhP","followers_url":"https://api.github.com/users/TsydykhP/followers","following_url":"https://api.github.com/users/TsydykhP/following{/other_user}","gists_url":"https://api.github.com/users/TsydykhP/gists{/gist_id}","starred_url":"https://api.github.com/users/TsydykhP/starred{/owner}{/repo}","subscriptions_url":"https://api.github.com/users/TsydykhP/subscriptions","organizations_url":"https://api.github.com/users/TsydykhP/orgs","repos_url":"https://api.github.com/users/TsydykhP/repos","events_url":"https://api.github.com/users/TsydykhP/events{/privacy}","received_events_url":"https://api.github.com/users/TsydykhP/received_events","type":"User","site_admin":false,"name":null,"company":null,"blog":"","location":null,"email":null,"hireable":null,"bio":null,"twitter_username":null,"public_repos":2,"public_gists":0,"followers":0,"following":0,"created_at":"2021-05-31T07:15:50Z","updated_at":"2021-06-30T18:29:36Z","private_gists":0,"total_private_repos":0,"owned_private_repos":0,"disk_usage":1075,"collaborators":0,"two_factor_authentication":false,"plan":{"name":"free","space":976562499,"collaborators":0,"private_repos":10000}}
[info] 
[info] +  Success! Logged into GitHub as TsydykhP 
[info] 
